Traceback (most recent call last):
  File "/usr/local/lib/python3.11/site-packages/langchain_core/output_parsers/json.py", line 84, in parse_result
    return parse_json_markdown(text)
           ^^^^^^^^^^^^^^^^^^^^^^^^^
  File "/usr/local/lib/python3.11/site-packages/langchain_core/utils/json.py", line 147, in parse_json_markdown
    return _parse_json(json_str, parser=parser)
           ^^^^^^^^^^^^^^^^^^^^^^^^^^^^^^^^^^^^
  File "/usr/local/lib/python3.11/site-packages/langchain_core/utils/json.py", line 163, in _parse_json
    return parser(json_str)
           ^^^^^^^^^^^^^^^^
  File "/usr/local/lib/python3.11/site-packages/langchain_core/utils/json.py", line 118, in parse_partial_json
    return json.loads(s, strict=strict)
           ^^^^^^^^^^^^^^^^^^^^^^^^^^^^
  File "/usr/local/lib/python3.11/json/__init__.py", line 359, in loads
    return cls(**kw).decode(s)
           ^^^^^^^^^^^^^^^^^^^
  File "/usr/local/lib/python3.11/json/decoder.py", line 337, in decode
    obj, end = self.raw_decode(s, idx=_w(s, 0).end())
               ^^^^^^^^^^^^^^^^^^^^^^^^^^^^^^^^^^^^^^
  File "/usr/local/lib/python3.11/json/decoder.py", line 355, in raw_decode
    raise JSONDecodeError("Expecting value", s, err.value) from None
json.decoder.JSONDecodeError: Expecting value: line 1 column 1 (char 0)

The above exception was the direct cause of the following exception:

Traceback (most recent call last):
  File "/usr/local/lib/python3.11/site-packages/jupyter_ai/chat_handlers/base.py", line 226, in on_message
    await self.process_message(message)
  File "/usr/local/lib/python3.11/site-packages/jupyter_ai/chat_handlers/generate.py", line 272, in process_message
    final_path = await self._generate_notebook(prompt=message.body)
                 ^^^^^^^^^^^^^^^^^^^^^^^^^^^^^^^^^^^^^^^^^^^^^^^^^^
  File "/usr/local/lib/python3.11/site-packages/jupyter_ai/chat_handlers/generate.py", line 247, in _generate_notebook
    outline = await generate_outline(prompt, llm=self.llm, verbose=True)
              ^^^^^^^^^^^^^^^^^^^^^^^^^^^^^^^^^^^^^^^^^^^^^^^^^^^^^^^^^^
  File "/usr/local/lib/python3.11/site-packages/jupyter_ai/chat_handlers/generate.py", line 56, in generate_outline
    outline = parser.parse(outline)
              ^^^^^^^^^^^^^^^^^^^^^
  File "/usr/local/lib/python3.11/site-packages/langchain_core/output_parsers/pydantic.py", line 82, in parse
    return super().parse(text)
           ^^^^^^^^^^^^^^^^^^^
  File "/usr/local/lib/python3.11/site-packages/langchain_core/output_parsers/json.py", line 98, in parse
    return self.parse_result([Generation(text=text)])
           ^^^^^^^^^^^^^^^^^^^^^^^^^^^^^^^^^^^^^^^^^^
  File "/usr/local/lib/python3.11/site-packages/langchain_core/output_parsers/pydantic.py", line 71, in parse_result
    raise e
  File "/usr/local/lib/python3.11/site-packages/langchain_core/output_parsers/pydantic.py", line 66, in parse_result
    json_object = super().parse_result(result)
                  ^^^^^^^^^^^^^^^^^^^^^^^^^^^^
  File "/usr/local/lib/python3.11/site-packages/langchain_core/output_parsers/json.py", line 87, in parse_result
    raise OutputParserException(msg, llm_output=text) from e
langchain_core.exceptions.OutputParserException: Invalid json output: Here's a detailed content outline for a Jupyter notebook on visualizing the NYC taxicab dataset, formatted as a JSON instance conforming to the given schema:

{
  "description": "This notebook explores and visualizes the NYC taxicab dataset, focusing on key aspects such as trip patterns, fare distribution, and geographical insights.",
  "sections": [
    {
      "title": "Data Loading and Preprocessing",
      "content": "Import necessary libraries (pandas, matplotlib, seaborn, folium). Load the NYC taxicab dataset. Perform initial data cleaning and format conversions."
    },
    {
      "title": "Basic Data Exploration",
      "content": "Display basic statistics of the dataset. Show sample rows. Check for missing values and data types."
    },
    {
      "title": "Temporal Analysis",
      "content": "Create time series plots for number of trips by hour, day, and month. Visualize peak hours and seasonal patterns using line plots and heatmaps."
    },
    {
      "title": "Fare Analysis",
      "content": "Generate histograms and box plots for fare amounts. Create scatter plots to show relationship between trip distance and fare."
    },
    {
      "title": "Geographical Visualization",
      "content": "Use folium to create interactive maps showing pickup and dropoff locations. Plot heatmaps of popular areas in NYC."
    },
    {
      "title": "Trip Duration Analysis",
      "content": "Visualize trip duration distribution using histograms. Create box plots to show trip duration by day of week or hour of day."
    },
    {
      "title": "Passenger Count Insights",
      "content": "Generate bar charts showing distribution of passenger counts. Analyze relationship between passenger count and fare or trip duration."
    },
    {
      "title": "Payment Type Analysis",
      "content": "Create pie charts or bar plots to visualize distribution of payment types. Analyze trends in payment types over time."
    },
    {
      "title": "Correlation Analysis",
      "content": "Generate a correlation matrix heatmap to visualize relationships between numerical variables in the dataset."
    }
  ]
}
