Traceback (most recent call last):
  File "/usr/local/lib/python3.11/site-packages/langchain_core/output_parsers/json.py", line 84, in parse_result
    return parse_json_markdown(text)
           ^^^^^^^^^^^^^^^^^^^^^^^^^
  File "/usr/local/lib/python3.11/site-packages/langchain_core/utils/json.py", line 147, in parse_json_markdown
    return _parse_json(json_str, parser=parser)
           ^^^^^^^^^^^^^^^^^^^^^^^^^^^^^^^^^^^^
  File "/usr/local/lib/python3.11/site-packages/langchain_core/utils/json.py", line 163, in _parse_json
    return parser(json_str)
           ^^^^^^^^^^^^^^^^
  File "/usr/local/lib/python3.11/site-packages/langchain_core/utils/json.py", line 118, in parse_partial_json
    return json.loads(s, strict=strict)
           ^^^^^^^^^^^^^^^^^^^^^^^^^^^^
  File "/usr/local/lib/python3.11/json/__init__.py", line 359, in loads
    return cls(**kw).decode(s)
           ^^^^^^^^^^^^^^^^^^^
  File "/usr/local/lib/python3.11/json/decoder.py", line 337, in decode
    obj, end = self.raw_decode(s, idx=_w(s, 0).end())
               ^^^^^^^^^^^^^^^^^^^^^^^^^^^^^^^^^^^^^^
  File "/usr/local/lib/python3.11/json/decoder.py", line 355, in raw_decode
    raise JSONDecodeError("Expecting value", s, err.value) from None
json.decoder.JSONDecodeError: Expecting value: line 1 column 1 (char 0)

The above exception was the direct cause of the following exception:

Traceback (most recent call last):
  File "/usr/local/lib/python3.11/site-packages/jupyter_ai/chat_handlers/base.py", line 226, in on_message
    await self.process_message(message)
  File "/usr/local/lib/python3.11/site-packages/jupyter_ai/chat_handlers/generate.py", line 272, in process_message
    final_path = await self._generate_notebook(prompt=message.body)
                 ^^^^^^^^^^^^^^^^^^^^^^^^^^^^^^^^^^^^^^^^^^^^^^^^^^
  File "/usr/local/lib/python3.11/site-packages/jupyter_ai/chat_handlers/generate.py", line 247, in _generate_notebook
    outline = await generate_outline(prompt, llm=self.llm, verbose=True)
              ^^^^^^^^^^^^^^^^^^^^^^^^^^^^^^^^^^^^^^^^^^^^^^^^^^^^^^^^^^
  File "/usr/local/lib/python3.11/site-packages/jupyter_ai/chat_handlers/generate.py", line 56, in generate_outline
    outline = parser.parse(outline)
              ^^^^^^^^^^^^^^^^^^^^^
  File "/usr/local/lib/python3.11/site-packages/langchain_core/output_parsers/pydantic.py", line 82, in parse
    return super().parse(text)
           ^^^^^^^^^^^^^^^^^^^
  File "/usr/local/lib/python3.11/site-packages/langchain_core/output_parsers/json.py", line 98, in parse
    return self.parse_result([Generation(text=text)])
           ^^^^^^^^^^^^^^^^^^^^^^^^^^^^^^^^^^^^^^^^^^
  File "/usr/local/lib/python3.11/site-packages/langchain_core/output_parsers/pydantic.py", line 71, in parse_result
    raise e
  File "/usr/local/lib/python3.11/site-packages/langchain_core/output_parsers/pydantic.py", line 66, in parse_result
    json_object = super().parse_result(result)
                  ^^^^^^^^^^^^^^^^^^^^^^^^^^^^
  File "/usr/local/lib/python3.11/site-packages/langchain_core/output_parsers/json.py", line 87, in parse_result
    raise OutputParserException(msg, llm_output=text) from e
langchain_core.exceptions.OutputParserException: Invalid json output: Here's a detailed content outline for a Jupyter notebook on visualizing the NYC taxicab dataset using Datashader, Dask, and Parquet, formatted as a JSON instance conforming to the provided schema:

{
  "description": "This Jupyter notebook demonstrates how to visualize the large-scale NYC taxicab dataset using Datashader for efficient rendering, Dask for parallel computing, and Parquet for optimized data storage and retrieval.",
  "sections": [
    {
      "title": "Setup and Data Loading",
      "content": "Import necessary libraries (datashader, dask, pyarrow). Load the NYC taxicab dataset from Parquet files using Dask."
    },
    {
      "title": "Data Preprocessing",
      "content": "Clean and preprocess the data using Dask DataFrame operations. Handle missing values, convert data types, and filter out irrelevant data points."
    },
    {
      "title": "Basic Datashader Visualization",
      "content": "Create a simple scatter plot of pickup locations using Datashader and Dask. Demonstrate how Datashader efficiently renders large datasets."
    },
    {
      "title": "Heatmap of Taxi Pickups",
      "content": "Generate a heatmap of taxi pickup locations across New York City using Datashader's aggregation functions and colormaps."
    },
    {
      "title": "Time-based Visualization",
      "content": "Create an animated visualization showing taxi pickup patterns over time (e.g., 24-hour cycle or weekly patterns) using Datashader and Dask."
    },
    {
      "title": "Geospatial Analysis",
      "content": "Perform geospatial analysis by overlaying taxi data on a map of NYC. Use Datashader to render the results efficiently."
    },
    {
      "title": "Performance Optimization",
      "content": "Demonstrate techniques to optimize performance, such as using Dask's parallel computing capabilities and Parquet's columnar storage format."
    },
    {
      "title": "Interactive Dashboard",
      "content": "Create an interactive dashboard using Datashader and a plotting library (e.g., Bokeh or Holoviews) to explore the NYC taxicab data dynamically."
    }
  ]
}
